[error] - [94m[antiCrash.js][39m[31mUncaught exception/catch detected. (Monitor)[39m
[error] - TypeError: interaction.isCommand is not a function
    at module.exports (C:\Users\Dunz\OneDrive - dunzneh\Desktop\Discord Bot v13 Template-Dunz\src\Events\interactionCreate.js:2:22)
    at Client.emit (node:events:527:28)
    at InteractionCreateAction.handle (C:\Users\Dunz\OneDrive - dunzneh\Desktop\Discord Bot v13 Template-Dunz\node_modules\discord.js\src\client\actions\InteractionCreate.js:83:12)
    at Object.module.exports [as INTERACTION_CREATE] (C:\Users\Dunz\OneDrive - dunzneh\Desktop\Discord Bot v13 Template-Dunz\node_modules\discord.js\src\client\websocket\handlers\INTERACTION_CREATE.js:4:36)
    at WebSocketManager.handlePacket (C:\Users\Dunz\OneDrive - dunzneh\Desktop\Discord Bot v13 Template-Dunz\node_modules\discord.js\src\client\websocket\WebSocketManager.js:346:31)
    at WebSocketShard.onPacket (C:\Users\Dunz\OneDrive - dunzneh\Desktop\Discord Bot v13 Template-Dunz\node_modules\discord.js\src\client\websocket\WebSocketShard.js:478:22)
    at WebSocketShard.onMessage (C:\Users\Dunz\OneDrive - dunzneh\Desktop\Discord Bot v13 Template-Dunz\node_modules\discord.js\src\client\websocket\WebSocketShard.js:317:10)
    at WebSocket.onMessage (C:\Users\Dunz\OneDrive - dunzneh\Desktop\Discord Bot v13 Template-Dunz\node_modules\discord.js\node_modules\ws\lib\event-target.js:199:18)
    at WebSocket.emit (node:events:527:28)
    at Receiver.receiverOnMessage (C:\Users\Dunz\OneDrive - dunzneh\Desktop\Discord Bot v13 Template-Dunz\node_modules\discord.js\node_modules\ws\lib\websocket.js:1169:20)
    at Receiver.emit (node:events:527:28)
    at Receiver.dataMessage (C:\Users\Dunz\OneDrive - dunzneh\Desktop\Discord Bot v13 Template-Dunz\node_modules\discord.js\node_modules\ws\lib\receiver.js:528:14)
    at Receiver.getData (C:\Users\Dunz\OneDrive - dunzneh\Desktop\Discord Bot v13 Template-Dunz\node_modules\discord.js\node_modules\ws\lib\receiver.js:446:17)
    at Receiver.startLoop (C:\Users\Dunz\OneDrive - dunzneh\Desktop\Discord Bot v13 Template-Dunz\node_modules\discord.js\node_modules\ws\lib\receiver.js:148:22)
    at Receiver._write (C:\Users\Dunz\OneDrive - dunzneh\Desktop\Discord Bot v13 Template-Dunz\node_modules\discord.js\node_modules\ws\lib\receiver.js:83:10)
    at writeOrBuffer (node:internal/streams/writable:389:12)
[error] - [94m[antiCrash.js][39m[31mUncaught exception/catch detected.[39m
[error] - TypeError: interaction.isCommand is not a function
    at module.exports (C:\Users\Dunz\OneDrive - dunzneh\Desktop\Discord Bot v13 Template-Dunz\src\Events\interactionCreate.js:2:22)
    at Client.emit (node:events:527:28)
    at InteractionCreateAction.handle (C:\Users\Dunz\OneDrive - dunzneh\Desktop\Discord Bot v13 Template-Dunz\node_modules\discord.js\src\client\actions\InteractionCreate.js:83:12)
    at Object.module.exports [as INTERACTION_CREATE] (C:\Users\Dunz\OneDrive - dunzneh\Desktop\Discord Bot v13 Template-Dunz\node_modules\discord.js\src\client\websocket\handlers\INTERACTION_CREATE.js:4:36)
    at WebSocketManager.handlePacket (C:\Users\Dunz\OneDrive - dunzneh\Desktop\Discord Bot v13 Template-Dunz\node_modules\discord.js\src\client\websocket\WebSocketManager.js:346:31)
    at WebSocketShard.onPacket (C:\Users\Dunz\OneDrive - dunzneh\Desktop\Discord Bot v13 Template-Dunz\node_modules\discord.js\src\client\websocket\WebSocketShard.js:478:22)
    at WebSocketShard.onMessage (C:\Users\Dunz\OneDrive - dunzneh\Desktop\Discord Bot v13 Template-Dunz\node_modules\discord.js\src\client\websocket\WebSocketShard.js:317:10)
    at WebSocket.onMessage (C:\Users\Dunz\OneDrive - dunzneh\Desktop\Discord Bot v13 Template-Dunz\node_modules\discord.js\node_modules\ws\lib\event-target.js:199:18)
    at WebSocket.emit (node:events:527:28)
    at Receiver.receiverOnMessage (C:\Users\Dunz\OneDrive - dunzneh\Desktop\Discord Bot v13 Template-Dunz\node_modules\discord.js\node_modules\ws\lib\websocket.js:1169:20)
    at Receiver.emit (node:events:527:28)
    at Receiver.dataMessage (C:\Users\Dunz\OneDrive - dunzneh\Desktop\Discord Bot v13 Template-Dunz\node_modules\discord.js\node_modules\ws\lib\receiver.js:528:14)
    at Receiver.getData (C:\Users\Dunz\OneDrive - dunzneh\Desktop\Discord Bot v13 Template-Dunz\node_modules\discord.js\node_modules\ws\lib\receiver.js:446:17)
    at Receiver.startLoop (C:\Users\Dunz\OneDrive - dunzneh\Desktop\Discord Bot v13 Template-Dunz\node_modules\discord.js\node_modules\ws\lib\receiver.js:148:22)
    at Receiver._write (C:\Users\Dunz\OneDrive - dunzneh\Desktop\Discord Bot v13 Template-Dunz\node_modules\discord.js\node_modules\ws\lib\receiver.js:83:10)
    at writeOrBuffer (node:internal/streams/writable:389:12)
[error] - [94m[antiCrash.js][39m[31mUncaught exception/catch detected. (Monitor)[39m
[error] - TypeError: interaction.isCommand is not a function
    at module.exports (C:\Users\Dunz\OneDrive - dunzneh\Desktop\Discord Bot v13 Template-Dunz\src\Events\interactionCreate.js:3:22)
    at Client.emit (node:events:527:28)
    at InteractionCreateAction.handle (C:\Users\Dunz\OneDrive - dunzneh\Desktop\Discord Bot v13 Template-Dunz\node_modules\discord.js\src\client\actions\InteractionCreate.js:83:12)
    at Object.module.exports [as INTERACTION_CREATE] (C:\Users\Dunz\OneDrive - dunzneh\Desktop\Discord Bot v13 Template-Dunz\node_modules\discord.js\src\client\websocket\handlers\INTERACTION_CREATE.js:4:36)
    at WebSocketManager.handlePacket (C:\Users\Dunz\OneDrive - dunzneh\Desktop\Discord Bot v13 Template-Dunz\node_modules\discord.js\src\client\websocket\WebSocketManager.js:346:31)
    at WebSocketShard.onPacket (C:\Users\Dunz\OneDrive - dunzneh\Desktop\Discord Bot v13 Template-Dunz\node_modules\discord.js\src\client\websocket\WebSocketShard.js:478:22)
    at WebSocketShard.onMessage (C:\Users\Dunz\OneDrive - dunzneh\Desktop\Discord Bot v13 Template-Dunz\node_modules\discord.js\src\client\websocket\WebSocketShard.js:317:10)
    at WebSocket.onMessage (C:\Users\Dunz\OneDrive - dunzneh\Desktop\Discord Bot v13 Template-Dunz\node_modules\discord.js\node_modules\ws\lib\event-target.js:199:18)
    at WebSocket.emit (node:events:527:28)
    at Receiver.receiverOnMessage (C:\Users\Dunz\OneDrive - dunzneh\Desktop\Discord Bot v13 Template-Dunz\node_modules\discord.js\node_modules\ws\lib\websocket.js:1169:20)
    at Receiver.emit (node:events:527:28)
    at Receiver.dataMessage (C:\Users\Dunz\OneDrive - dunzneh\Desktop\Discord Bot v13 Template-Dunz\node_modules\discord.js\node_modules\ws\lib\receiver.js:528:14)
    at Receiver.getData (C:\Users\Dunz\OneDrive - dunzneh\Desktop\Discord Bot v13 Template-Dunz\node_modules\discord.js\node_modules\ws\lib\receiver.js:446:17)
    at Receiver.startLoop (C:\Users\Dunz\OneDrive - dunzneh\Desktop\Discord Bot v13 Template-Dunz\node_modules\discord.js\node_modules\ws\lib\receiver.js:148:22)
    at Receiver._write (C:\Users\Dunz\OneDrive - dunzneh\Desktop\Discord Bot v13 Template-Dunz\node_modules\discord.js\node_modules\ws\lib\receiver.js:83:10)
    at writeOrBuffer (node:internal/streams/writable:389:12)
[error] - [94m[antiCrash.js][39m[31mUncaught exception/catch detected.[39m
[error] - TypeError: interaction.isCommand is not a function
    at module.exports (C:\Users\Dunz\OneDrive - dunzneh\Desktop\Discord Bot v13 Template-Dunz\src\Events\interactionCreate.js:3:22)
    at Client.emit (node:events:527:28)
    at InteractionCreateAction.handle (C:\Users\Dunz\OneDrive - dunzneh\Desktop\Discord Bot v13 Template-Dunz\node_modules\discord.js\src\client\actions\InteractionCreate.js:83:12)
    at Object.module.exports [as INTERACTION_CREATE] (C:\Users\Dunz\OneDrive - dunzneh\Desktop\Discord Bot v13 Template-Dunz\node_modules\discord.js\src\client\websocket\handlers\INTERACTION_CREATE.js:4:36)
    at WebSocketManager.handlePacket (C:\Users\Dunz\OneDrive - dunzneh\Desktop\Discord Bot v13 Template-Dunz\node_modules\discord.js\src\client\websocket\WebSocketManager.js:346:31)
    at WebSocketShard.onPacket (C:\Users\Dunz\OneDrive - dunzneh\Desktop\Discord Bot v13 Template-Dunz\node_modules\discord.js\src\client\websocket\WebSocketShard.js:478:22)
    at WebSocketShard.onMessage (C:\Users\Dunz\OneDrive - dunzneh\Desktop\Discord Bot v13 Template-Dunz\node_modules\discord.js\src\client\websocket\WebSocketShard.js:317:10)
    at WebSocket.onMessage (C:\Users\Dunz\OneDrive - dunzneh\Desktop\Discord Bot v13 Template-Dunz\node_modules\discord.js\node_modules\ws\lib\event-target.js:199:18)
    at WebSocket.emit (node:events:527:28)
    at Receiver.receiverOnMessage (C:\Users\Dunz\OneDrive - dunzneh\Desktop\Discord Bot v13 Template-Dunz\node_modules\discord.js\node_modules\ws\lib\websocket.js:1169:20)
    at Receiver.emit (node:events:527:28)
    at Receiver.dataMessage (C:\Users\Dunz\OneDrive - dunzneh\Desktop\Discord Bot v13 Template-Dunz\node_modules\discord.js\node_modules\ws\lib\receiver.js:528:14)
    at Receiver.getData (C:\Users\Dunz\OneDrive - dunzneh\Desktop\Discord Bot v13 Template-Dunz\node_modules\discord.js\node_modules\ws\lib\receiver.js:446:17)
    at Receiver.startLoop (C:\Users\Dunz\OneDrive - dunzneh\Desktop\Discord Bot v13 Template-Dunz\node_modules\discord.js\node_modules\ws\lib\receiver.js:148:22)
    at Receiver._write (C:\Users\Dunz\OneDrive - dunzneh\Desktop\Discord Bot v13 Template-Dunz\node_modules\discord.js\node_modules\ws\lib\receiver.js:83:10)
    at writeOrBuffer (node:internal/streams/writable:389:12)
[error] - [94m[antiCrash.js][39m[31mUncaught exception/catch detected. (Monitor)[39m
[error] - TypeError: interaction.isCommand is not a function
    at module.exports (C:\Users\Dunz\OneDrive - dunzneh\Desktop\Discord Bot v13 Template-Dunz\src\Events\interactionCreate.js:3:22)
    at Client.emit (node:events:527:28)
    at InteractionCreateAction.handle (C:\Users\Dunz\OneDrive - dunzneh\Desktop\Discord Bot v13 Template-Dunz\node_modules\discord.js\src\client\actions\InteractionCreate.js:83:12)
    at Object.module.exports [as INTERACTION_CREATE] (C:\Users\Dunz\OneDrive - dunzneh\Desktop\Discord Bot v13 Template-Dunz\node_modules\discord.js\src\client\websocket\handlers\INTERACTION_CREATE.js:4:36)
    at WebSocketManager.handlePacket (C:\Users\Dunz\OneDrive - dunzneh\Desktop\Discord Bot v13 Template-Dunz\node_modules\discord.js\src\client\websocket\WebSocketManager.js:346:31)
    at WebSocketShard.onPacket (C:\Users\Dunz\OneDrive - dunzneh\Desktop\Discord Bot v13 Template-Dunz\node_modules\discord.js\src\client\websocket\WebSocketShard.js:478:22)
    at WebSocketShard.onMessage (C:\Users\Dunz\OneDrive - dunzneh\Desktop\Discord Bot v13 Template-Dunz\node_modules\discord.js\src\client\websocket\WebSocketShard.js:317:10)
    at WebSocket.onMessage (C:\Users\Dunz\OneDrive - dunzneh\Desktop\Discord Bot v13 Template-Dunz\node_modules\discord.js\node_modules\ws\lib\event-target.js:199:18)
    at WebSocket.emit (node:events:527:28)
    at Receiver.receiverOnMessage (C:\Users\Dunz\OneDrive - dunzneh\Desktop\Discord Bot v13 Template-Dunz\node_modules\discord.js\node_modules\ws\lib\websocket.js:1169:20)
    at Receiver.emit (node:events:527:28)
    at Receiver.dataMessage (C:\Users\Dunz\OneDrive - dunzneh\Desktop\Discord Bot v13 Template-Dunz\node_modules\discord.js\node_modules\ws\lib\receiver.js:528:14)
    at Receiver.getData (C:\Users\Dunz\OneDrive - dunzneh\Desktop\Discord Bot v13 Template-Dunz\node_modules\discord.js\node_modules\ws\lib\receiver.js:446:17)
    at Receiver.startLoop (C:\Users\Dunz\OneDrive - dunzneh\Desktop\Discord Bot v13 Template-Dunz\node_modules\discord.js\node_modules\ws\lib\receiver.js:148:22)
    at Receiver._write (C:\Users\Dunz\OneDrive - dunzneh\Desktop\Discord Bot v13 Template-Dunz\node_modules\discord.js\node_modules\ws\lib\receiver.js:83:10)
    at writeOrBuffer (node:internal/streams/writable:389:12)
[error] - [94m[antiCrash.js][39m[31mUncaught exception/catch detected.[39m
[error] - TypeError: interaction.isCommand is not a function
    at module.exports (C:\Users\Dunz\OneDrive - dunzneh\Desktop\Discord Bot v13 Template-Dunz\src\Events\interactionCreate.js:3:22)
    at Client.emit (node:events:527:28)
    at InteractionCreateAction.handle (C:\Users\Dunz\OneDrive - dunzneh\Desktop\Discord Bot v13 Template-Dunz\node_modules\discord.js\src\client\actions\InteractionCreate.js:83:12)
    at Object.module.exports [as INTERACTION_CREATE] (C:\Users\Dunz\OneDrive - dunzneh\Desktop\Discord Bot v13 Template-Dunz\node_modules\discord.js\src\client\websocket\handlers\INTERACTION_CREATE.js:4:36)
    at WebSocketManager.handlePacket (C:\Users\Dunz\OneDrive - dunzneh\Desktop\Discord Bot v13 Template-Dunz\node_modules\discord.js\src\client\websocket\WebSocketManager.js:346:31)
    at WebSocketShard.onPacket (C:\Users\Dunz\OneDrive - dunzneh\Desktop\Discord Bot v13 Template-Dunz\node_modules\discord.js\src\client\websocket\WebSocketShard.js:478:22)
    at WebSocketShard.onMessage (C:\Users\Dunz\OneDrive - dunzneh\Desktop\Discord Bot v13 Template-Dunz\node_modules\discord.js\src\client\websocket\WebSocketShard.js:317:10)
    at WebSocket.onMessage (C:\Users\Dunz\OneDrive - dunzneh\Desktop\Discord Bot v13 Template-Dunz\node_modules\discord.js\node_modules\ws\lib\event-target.js:199:18)
    at WebSocket.emit (node:events:527:28)
    at Receiver.receiverOnMessage (C:\Users\Dunz\OneDrive - dunzneh\Desktop\Discord Bot v13 Template-Dunz\node_modules\discord.js\node_modules\ws\lib\websocket.js:1169:20)
    at Receiver.emit (node:events:527:28)
    at Receiver.dataMessage (C:\Users\Dunz\OneDrive - dunzneh\Desktop\Discord Bot v13 Template-Dunz\node_modules\discord.js\node_modules\ws\lib\receiver.js:528:14)
    at Receiver.getData (C:\Users\Dunz\OneDrive - dunzneh\Desktop\Discord Bot v13 Template-Dunz\node_modules\discord.js\node_modules\ws\lib\receiver.js:446:17)
    at Receiver.startLoop (C:\Users\Dunz\OneDrive - dunzneh\Desktop\Discord Bot v13 Template-Dunz\node_modules\discord.js\node_modules\ws\lib\receiver.js:148:22)
    at Receiver._write (C:\Users\Dunz\OneDrive - dunzneh\Desktop\Discord Bot v13 Template-Dunz\node_modules\discord.js\node_modules\ws\lib\receiver.js:83:10)
    at writeOrBuffer (node:internal/streams/writable:389:12)
[error] - [94m[antiCrash.js][39m[31mUncaught exception/catch detected. (Monitor)[39m
[error] - TypeError: interaction.isCommand is not a function
    at module.exports (C:\Users\Dunz\OneDrive - dunzneh\Desktop\Discord Bot v13 Template-Dunz\src\Events\interactionCreate.js:2:22)
    at Client.emit (node:events:527:28)
    at InteractionCreateAction.handle (C:\Users\Dunz\OneDrive - dunzneh\Desktop\Discord Bot v13 Template-Dunz\node_modules\discord.js\src\client\actions\InteractionCreate.js:83:12)
    at Object.module.exports [as INTERACTION_CREATE] (C:\Users\Dunz\OneDrive - dunzneh\Desktop\Discord Bot v13 Template-Dunz\node_modules\discord.js\src\client\websocket\handlers\INTERACTION_CREATE.js:4:36)
    at WebSocketManager.handlePacket (C:\Users\Dunz\OneDrive - dunzneh\Desktop\Discord Bot v13 Template-Dunz\node_modules\discord.js\src\client\websocket\WebSocketManager.js:346:31)
    at WebSocketShard.onPacket (C:\Users\Dunz\OneDrive - dunzneh\Desktop\Discord Bot v13 Template-Dunz\node_modules\discord.js\src\client\websocket\WebSocketShard.js:478:22)
    at WebSocketShard.onMessage (C:\Users\Dunz\OneDrive - dunzneh\Desktop\Discord Bot v13 Template-Dunz\node_modules\discord.js\src\client\websocket\WebSocketShard.js:317:10)
    at WebSocket.onMessage (C:\Users\Dunz\OneDrive - dunzneh\Desktop\Discord Bot v13 Template-Dunz\node_modules\discord.js\node_modules\ws\lib\event-target.js:199:18)
    at WebSocket.emit (node:events:527:28)
    at Receiver.receiverOnMessage (C:\Users\Dunz\OneDrive - dunzneh\Desktop\Discord Bot v13 Template-Dunz\node_modules\discord.js\node_modules\ws\lib\websocket.js:1169:20)
    at Receiver.emit (node:events:527:28)
    at Receiver.dataMessage (C:\Users\Dunz\OneDrive - dunzneh\Desktop\Discord Bot v13 Template-Dunz\node_modules\discord.js\node_modules\ws\lib\receiver.js:528:14)
    at Receiver.getData (C:\Users\Dunz\OneDrive - dunzneh\Desktop\Discord Bot v13 Template-Dunz\node_modules\discord.js\node_modules\ws\lib\receiver.js:446:17)
    at Receiver.startLoop (C:\Users\Dunz\OneDrive - dunzneh\Desktop\Discord Bot v13 Template-Dunz\node_modules\discord.js\node_modules\ws\lib\receiver.js:148:22)
    at Receiver._write (C:\Users\Dunz\OneDrive - dunzneh\Desktop\Discord Bot v13 Template-Dunz\node_modules\discord.js\node_modules\ws\lib\receiver.js:83:10)
    at writeOrBuffer (node:internal/streams/writable:389:12)
[error] - [94m[antiCrash.js][39m[31mUncaught exception/catch detected.[39m
[error] - TypeError: interaction.isCommand is not a function
    at module.exports (C:\Users\Dunz\OneDrive - dunzneh\Desktop\Discord Bot v13 Template-Dunz\src\Events\interactionCreate.js:2:22)
    at Client.emit (node:events:527:28)
    at InteractionCreateAction.handle (C:\Users\Dunz\OneDrive - dunzneh\Desktop\Discord Bot v13 Template-Dunz\node_modules\discord.js\src\client\actions\InteractionCreate.js:83:12)
    at Object.module.exports [as INTERACTION_CREATE] (C:\Users\Dunz\OneDrive - dunzneh\Desktop\Discord Bot v13 Template-Dunz\node_modules\discord.js\src\client\websocket\handlers\INTERACTION_CREATE.js:4:36)
    at WebSocketManager.handlePacket (C:\Users\Dunz\OneDrive - dunzneh\Desktop\Discord Bot v13 Template-Dunz\node_modules\discord.js\src\client\websocket\WebSocketManager.js:346:31)
    at WebSocketShard.onPacket (C:\Users\Dunz\OneDrive - dunzneh\Desktop\Discord Bot v13 Template-Dunz\node_modules\discord.js\src\client\websocket\WebSocketShard.js:478:22)
    at WebSocketShard.onMessage (C:\Users\Dunz\OneDrive - dunzneh\Desktop\Discord Bot v13 Template-Dunz\node_modules\discord.js\src\client\websocket\WebSocketShard.js:317:10)
    at WebSocket.onMessage (C:\Users\Dunz\OneDrive - dunzneh\Desktop\Discord Bot v13 Template-Dunz\node_modules\discord.js\node_modules\ws\lib\event-target.js:199:18)
    at WebSocket.emit (node:events:527:28)
    at Receiver.receiverOnMessage (C:\Users\Dunz\OneDrive - dunzneh\Desktop\Discord Bot v13 Template-Dunz\node_modules\discord.js\node_modules\ws\lib\websocket.js:1169:20)
    at Receiver.emit (node:events:527:28)
    at Receiver.dataMessage (C:\Users\Dunz\OneDrive - dunzneh\Desktop\Discord Bot v13 Template-Dunz\node_modules\discord.js\node_modules\ws\lib\receiver.js:528:14)
    at Receiver.getData (C:\Users\Dunz\OneDrive - dunzneh\Desktop\Discord Bot v13 Template-Dunz\node_modules\discord.js\node_modules\ws\lib\receiver.js:446:17)
    at Receiver.startLoop (C:\Users\Dunz\OneDrive - dunzneh\Desktop\Discord Bot v13 Template-Dunz\node_modules\discord.js\node_modules\ws\lib\receiver.js:148:22)
    at Receiver._write (C:\Users\Dunz\OneDrive - dunzneh\Desktop\Discord Bot v13 Template-Dunz\node_modules\discord.js\node_modules\ws\lib\receiver.js:83:10)
    at writeOrBuffer (node:internal/streams/writable:389:12)
[error] - [94m[antiCrash.js][39m[31mUncaught exception/catch detected. (Monitor)[39m
[error] - DiscordAPIError: Interaction has already been acknowledged.
    at RequestHandler.execute (C:\Users\Dunz\OneDrive - dunzneh\Desktop\Discord Bot v13 Template-Dunz\node_modules\discord.js\src\rest\RequestHandler.js:350:13)
    at processTicksAndRejections (node:internal/process/task_queues:96:5)
    at async RequestHandler.push (C:\Users\Dunz\OneDrive - dunzneh\Desktop\Discord Bot v13 Template-Dunz\node_modules\discord.js\src\rest\RequestHandler.js:51:14)
    at async CommandInteraction.reply (C:\Users\Dunz\OneDrive - dunzneh\Desktop\Discord Bot v13 Template-Dunz\node_modules\discord.js\src\structures\interfaces\InteractionResponses.js:103:5)
[error] - [94m[antiCrash.js][39m[31mUncaught exception/catch detected.[39m
[error] - DiscordAPIError: Interaction has already been acknowledged.
    at RequestHandler.execute (C:\Users\Dunz\OneDrive - dunzneh\Desktop\Discord Bot v13 Template-Dunz\node_modules\discord.js\src\rest\RequestHandler.js:350:13)
    at processTicksAndRejections (node:internal/process/task_queues:96:5)
    at async RequestHandler.push (C:\Users\Dunz\OneDrive - dunzneh\Desktop\Discord Bot v13 Template-Dunz\node_modules\discord.js\src\rest\RequestHandler.js:51:14)
    at async CommandInteraction.reply (C:\Users\Dunz\OneDrive - dunzneh\Desktop\Discord Bot v13 Template-Dunz\node_modules\discord.js\src\structures\interfaces\InteractionResponses.js:103:5)
